# JRE version: Java(TM) SE Runtime Environment (8.0_91-b14) (build 1.8.0_91-b14)
# Java VM: Java HotSpot(TM) 64-Bit Server VM (25.91-b14 mixed mode linux-amd64 compressed oops)
Heap:
 PSYoungGen      total 227328K, used 29664K [0x00000000eab00000, 0x00000000fce00000, 0x0000000100000000)
  eden space 197632K, 0% used [0x00000000eab00000,0x00000000eab00000,0x00000000f6c00000)
  from space 29696K, 99% used [0x00000000f9400000,0x00000000fb0f8030,0x00000000fb100000)
  to   space 24576K, 0% used [0x00000000fb600000,0x00000000fb600000,0x00000000fce00000)
 ParOldGen       total 82432K, used 73734K [0x00000000c0000000, 0x00000000c5080000, 0x00000000eab00000)
  object space 82432K, 89% used [0x00000000c0000000,0x00000000c4801b10,0x00000000c5080000)
 Metaspace       used 6353K, capacity 7220K, committed 7296K, reserved 1056768K
  class space    used 605K, capacity 620K, committed 640K, reserved 1048576K
GC Heap History (10 events):
Event: 11,757 GC heap after
Heap after GC invocations=5 (full 0):
 PSYoungGen      total 66048K, used 2551K [0x00000000eab00000, 0x00000000f3e00000, 0x0000000100000000)
  eden space 63488K, 0% used [0x00000000eab00000,0x00000000eab00000,0x00000000ee900000)
  from space 2560K, 99% used [0x00000000ee900000,0x00000000eeb7dd70,0x00000000eeb80000)
  to   space 11776K, 0% used [0x00000000f3280000,0x00000000f3280000,0x00000000f3e00000)
 ParOldGen       total 42496K, used 26911K [0x00000000c0000000, 0x00000000c2980000, 0x00000000eab00000)
  object space 42496K, 63% used [0x00000000c0000000,0x00000000c1a47cb8,0x00000000c2980000)
 Metaspace       used 5922K, capacity 7024K, committed 7296K, reserved 1056768K
  class space    used 585K, capacity 616K, committed 640K, reserved 1048576K
}
Event: 14,444 GC heap before
{Heap before GC invocations=6 (full 0):
 PSYoungGen      total 66048K, used 66039K [0x00000000eab00000, 0x00000000f3e00000, 0x0000000100000000)
  eden space 63488K, 100% used [0x00000000eab00000,0x00000000ee900000,0x00000000ee900000)
  from space 2560K, 99% used [0x00000000ee900000,0x00000000eeb7dd70,0x00000000eeb80000)
  to   space 11776K, 0% used [0x00000000f3280000,0x00000000f3280000,0x00000000f3e00000)
 ParOldGen       total 42496K, used 26911K [0x00000000c0000000, 0x00000000c2980000, 0x00000000eab00000)
  object space 42496K, 63% used [0x00000000c0000000,0x00000000c1a47cb8,0x00000000c2980000)
 Metaspace       used 6045K, capacity 7028K, committed 7296K, reserved 1056768K
  class space    used 605K, capacity 620K, committed 640K, reserved 1048576K
Event: 14,851 GC heap after
Heap after GC invocations=6 (full 0):
 PSYoungGen      total 136192K, used 11753K [0x00000000eab00000, 0x00000000f4300000, 0x0000000100000000)
  eden space 124416K, 0% used [0x00000000eab00000,0x00000000eab00000,0x00000000f2480000)
  from space 11776K, 99% used [0x00000000f3280000,0x00000000f3dfa440,0x00000000f3e00000)
  to   space 14336K, 0% used [0x00000000f2480000,0x00000000f2480000,0x00000000f3280000)
 ParOldGen       total 42496K, used 27986K [0x00000000c0000000, 0x00000000c2980000, 0x00000000eab00000)
  object space 42496K, 65% used [0x00000000c0000000,0x00000000c1b54ac8,0x00000000c2980000)
 Metaspace       used 6045K, capacity 7028K, committed 7296K, reserved 1056768K
  class space    used 605K, capacity 620K, committed 640K, reserved 1048576K
}
Event: 16,064 GC heap before
{Heap before GC invocations=7 (full 0):
 PSYoungGen      total 136192K, used 136169K [0x00000000eab00000, 0x00000000f4300000, 0x0000000100000000)
  eden space 124416K, 100% used [0x00000000eab00000,0x00000000f2480000,0x00000000f2480000)
  from space 11776K, 99% used [0x00000000f3280000,0x00000000f3dfa440,0x00000000f3e00000)
  to   space 14336K, 0% used [0x00000000f2480000,0x00000000f2480000,0x00000000f3280000)
 ParOldGen       total 42496K, used 27986K [0x00000000c0000000, 0x00000000c2980000, 0x00000000eab00000)
  object space 42496K, 65% used [0x00000000c0000000,0x00000000c1b54ac8,0x00000000c2980000)
 Metaspace       used 6175K, capacity 7156K, committed 7296K, reserved 1056768K
  class space    used 605K, capacity 620K, committed 640K, reserved 1048576K
Event: 16,200 GC heap after
Heap after GC invocations=7 (full 0):
 PSYoungGen      total 138752K, used 14305K [0x00000000eab00000, 0x00000000fce00000, 0x0000000100000000)
  eden space 124416K, 0% used [0x00000000eab00000,0x00000000eab00000,0x00000000f2480000)
  from space 14336K, 99% used [0x00000000f2480000,0x00000000f3278648,0x00000000f3280000)
  to   space 24576K, 0% used [0x00000000fb600000,0x00000000fb600000,0x00000000fce00000)
 ParOldGen       total 45056K, used 44189K [0x00000000c0000000, 0x00000000c2c00000, 0x00000000eab00000)
  object space 45056K, 98% used [0x00000000c0000000,0x00000000c2b27440,0x00000000c2c00000)
 Metaspace       used 6175K, capacity 7156K, committed 7296K, reserved 1056768K
  class space    used 605K, capacity 620K, committed 640K, reserved 1048576K
}
Event: 16,200 GC heap before
{Heap before GC invocations=8 (full 1):
 PSYoungGen      total 138752K, used 14305K [0x00000000eab00000, 0x00000000fce00000, 0x0000000100000000)
  eden space 124416K, 0% used [0x00000000eab00000,0x00000000eab00000,0x00000000f2480000)
  from space 14336K, 99% used [0x00000000f2480000,0x00000000f3278648,0x00000000f3280000)
  to   space 24576K, 0% used [0x00000000fb600000,0x00000000fb600000,0x00000000fce00000)
 ParOldGen       total 45056K, used 44189K [0x00000000c0000000, 0x00000000c2c00000, 0x00000000eab00000)
  object space 45056K, 98% used [0x00000000c0000000,0x00000000c2b27440,0x00000000c2c00000)
 Metaspace       used 6175K, capacity 7156K, committed 7296K, reserved 1056768K
  class space    used 605K, capacity 620K, committed 640K, reserved 1048576K
Event: 17,528 GC heap after
Heap after GC invocations=8 (full 1):
 PSYoungGen      total 138752K, used 8640K [0x00000000eab00000, 0x00000000fce00000, 0x0000000100000000)
  eden space 124416K, 0% used [0x00000000eab00000,0x00000000eab00000,0x00000000f2480000)
  from space 14336K, 60% used [0x00000000f2480000,0x00000000f2cf0380,0x00000000f3280000)
  to   space 24576K, 0% used [0x00000000fb600000,0x00000000fb600000,0x00000000fce00000)
 ParOldGen       total 82432K, used 44973K [0x00000000c0000000, 0x00000000c5080000, 0x00000000eab00000)
  object space 82432K, 54% used [0x00000000c0000000,0x00000000c2beb670,0x00000000c5080000)
 Metaspace       used 6175K, capacity 7156K, committed 7296K, reserved 1056768K
  class space    used 605K, capacity 620K, committed 640K, reserved 1048576K
}
Event: 19,320 GC heap before
{Heap before GC invocations=9 (full 1):
 PSYoungGen      total 138752K, used 133056K [0x00000000eab00000, 0x00000000fce00000, 0x0000000100000000)
  eden space 124416K, 100% used [0x00000000eab00000,0x00000000f2480000,0x00000000f2480000)
  from space 14336K, 60% used [0x00000000f2480000,0x00000000f2cf0380,0x00000000f3280000)
  to   space 24576K, 0% used [0x00000000fb600000,0x00000000fb600000,0x00000000fce00000)
 ParOldGen       total 82432K, used 44973K [0x00000000c0000000, 0x00000000c5080000, 0x00000000eab00000)
  object space 82432K, 54% used [0x00000000c0000000,0x00000000c2beb670,0x00000000c5080000)
 Metaspace       used 6287K, capacity 7220K, committed 7296K, reserved 1056768K
  class space    used 605K, capacity 620K, committed 640K, reserved 1048576K
Event: 19,634 GC heap after
Heap after GC invocations=9 (full 1):
 PSYoungGen      total 222208K, used 24544K [0x00000000eab00000, 0x00000000fce00000, 0x0000000100000000)
  eden space 197632K, 0% used [0x00000000eab00000,0x00000000eab00000,0x00000000f6c00000)
  from space 24576K, 99% used [0x00000000fb600000,0x00000000fcdf8030,0x00000000fce00000)
  to   space 29696K, 0% used [0x00000000f9400000,0x00000000f9400000,0x00000000fb100000)
 ParOldGen       total 82432K, used 47865K [0x00000000c0000000, 0x00000000c5080000, 0x00000000eab00000)
  object space 82432K, 58% used [0x00000000c0000000,0x00000000c2ebe610,0x00000000c5080000)
 Metaspace       used 6287K, capacity 7220K, committed 7296K, reserved 1056768K
  class space    used 605K, capacity 620K, committed 640K, reserved 1048576K
}
Event: 30,576 GC heap before
{Heap before GC invocations=10 (full 1):
 PSYoungGen      total 222208K, used 222176K [0x00000000eab00000, 0x00000000fce00000, 0x0000000100000000)
  eden space 197632K, 100% used [0x00000000eab00000,0x00000000f6c00000,0x00000000f6c00000)
  from space 24576K, 99% used [0x00000000fb600000,0x00000000fcdf8030,0x00000000fce00000)
  to   space 29696K, 0% used [0x00000000f9400000,0x00000000f9400000,0x00000000fb100000)
 ParOldGen       total 82432K, used 47865K [0x00000000c0000000, 0x00000000c5080000, 0x00000000eab00000)
  object space 82432K, 58% used [0x00000000c0000000,0x00000000c2ebe610,0x00000000c5080000)
 Metaspace       used 6353K, capacity 7220K, committed 7296K, reserved 1056768K
  class space    used 605K, capacity 620K, committed 640K, reserved 1048576K

